freebase:relation_31	concept:teamplaysincity 19208129.804285	concept:personhasresidenceinstateorprovince 1568700.456750	_concept:statehascapital 1554921.921478	concept:malemovedtostateorprovince 1153594.436845	concept:coachwontrophy 475442.677493
freebase:relation_30	concept:teamhomestadium 1445415.268531	concept:malemovedtostateorprovince 1191871.264539	concept:sportsgamewinner 362025.620363	_concept:haswife 221766.305128	concept:coachwontrophy 215162.209778
freebase:relation_33	concept:teamplayssport 16279746.918794	concept:journalistwritesforpublication 547305.036378	_concept:automobilemakerchiefexecutiveceo 470027.091746	concept:coachwontrophy 343889.241497	_concept:bankchiefexecutiveceo 232910.112172
freebase:relation_35	concept:televisionstationaffiliatedwith 201488820.747172	concept:subpartoforganization 46853377.996763	concept:subpartof 28787292.526570	concept:citylocatedincountry 2905430.890693	_concept:statehascapital 1226712.036936
freebase:relation_37	concept:visualartistartform 3455895.219214	concept:mountaininstate 308848.509935	concept:sportsgamewinner 302865.273231	_concept:sportsgameloser 225854.791159	concept:televisionstationaffiliatedwith 172527.407399
freebase:relation_36	concept:televisionstationincity 25529880.352721	concept:hasofficeincity 789279.580002	concept:radiostationincity 268652.127311	_concept:citylocatedinstate 209461.862113	concept:mountaininstate 154225.337238
freebase:relation_38	concept:malemovedtostateorprovince 993790.045938	concept:visualartistartmovement 908440.072618	concept:personhasresidenceingeopoliticallocation 599887.401595	concept:leaguestadiums 574200.855815	concept:athleteplayssport 352263.507304
freebase:relation_44	concept:mountaininstate 987097.078416	concept:teamplayssport 891708.293245	concept:personbirthdate 887469.728667	concept:fatherofperson 588398.903481	concept:sportsgamewinner 293530.436693
freebase:relation_47	concept:teamplaysincity 3854060.095699	concept:malemovedtostateorprovince 638489.921716	concept:directordirectedmovie 602699.957684	concept:languageofcountry 441609.020692	concept:teamplayssport 403403.270899
freebase:relation_41	_concept:acquired 296751.250906	concept:leaguestadiums 264195.092687	concept:museumincity 257831.232713	concept:shoppingmallincity 224065.362587	concept:acquired 120043.407605
freebase:relation_45	concept:teamplaysincity 17134902.944534	_concept:bankchiefexecutiveceo 259209.320829	concept:shoppingmallincity 204168.971130	concept:marriedinyear 159199.243502	concept:personchargedwithcrime 100409.430835
freebase:relation_46	concept:directordirectedmovie 698993.339807	concept:athleteplayssport 193143.147464	concept:worksfor 177848.114420	concept:specializationof 128479.570016	concept:malemovedtostateorprovince 115920.697728
freebase:relation_40	concept:attractionofcity 1335176.893669	concept:personhasresidenceinstateorprovince 860107.433740	concept:museumincity 663802.779363	_concept:automobilemakerchiefexecutiveceo 562203.061600	concept:stadiumlocatedincity 467689.528474
freebase:relation_42	concept:zooincity 1458513.620889	concept:citylocatedincountry 1405634.605989	concept:aquariumincity 1247621.518474	concept:teamplayssport 753926.888594	concept:directordirectedmovie 689600.889713
freebase:relation_43	concept:specializationof 562984.352787	_concept:citylocatedingeopoliticallocation 290580.977657	concept:politicianholdsoffice 266815.172895	concept:mountaininstate 189477.617463	_concept:sportsgamewinner 188096.142074
freebase:relation_49	concept:airportincity 9296042.041087	_concept:bankchiefexecutiveceo 7352323.406258	concept:mountaininstate 5356389.403532	concept:buildinglocatedincity 2876823.753263	concept:teamplayssport 1873806.776717
freebase:relation_57	concept:atdate 1609056.935566	_concept:fatherofperson 921126.146679	concept:personhasresidenceinstateorprovince 827633.922453	concept:languageofcity 823943.210139	concept:sportusesequipment 802138.384118
freebase:relation_56	concept:atdate 1670170.303692	concept:hassister 1019739.086835	concept:leaguestadiums 585344.241814	_concept:sportsgameloser 395914.612237	concept:languageofcity 335903.453131
freebase:relation_54	concept:teamplaysincity 255755.417363	concept:journalistwritesforpublication 181732.701935	concept:personbelongstoorganization 180319.134467	concept:citylocatedincountry 169078.849267	concept:specializationof 134396.986302
freebase:relation_53	concept:transportationincity 189860.674892	concept:eventdate 127483.114494	concept:lakeinstate 111637.056968	concept:persondeathdate 88800.761445	concept:languageofcity 79858.827453
freebase:relation_52	concept:organizationdissolvedatdate 448202.805876	concept:directordirectedmovie 400955.369210	_concept:bankchiefexecutiveceo 149176.100264	concept:agentcontrols 111177.489851	concept:athleteplaysforteam 95682.954435
freebase:relation_51	concept:teamplayssport 1304436.297992	concept:citylocatedincountry 1212612.893916	concept:aquariumincity 965775.498225	concept:zooincity 944194.898106	concept:directordirectedmovie 702237.886164
freebase:relation_59	concept:atdate 11083477.533742	concept:politicianrepresentslocation 4646797.815391	concept:personhasresidenceingeopoliticallocation 3974378.617978	_concept:sportsgameloser 1263317.625219	concept:personleadscity 530359.971183
freebase:relation_58	concept:atlocation 2906673915.177885	concept:proxyfor 2112870900.988455	concept:subpartof 198910218.978555	concept:locationlocatedwithinlocation 169999192.312023	concept:atdate 165281214.653198
freebase:relation_7	concept:ceoof 1002562.135402	concept:personleadsorganization 850300.184672	_concept:hassister 205218.648740	concept:topmemberoforganization 189432.893891	concept:mountaininstate 175770.491441
freebase:relation_6	concept:stadiumlocatedincity 610079.940573	concept:attractionofcity 383522.653697	concept:eventdate 318893.314094	_concept:bankchiefexecutiveceo 279798.643806	_concept:automobilemakerchiefexecutiveceo 199812.010710
freebase:relation_5	concept:athleteplayssport 3500667366.714398	concept:hassister 727535.998433	_concept:sportsgameloser 453258.793390	concept:personhasresidenceinstateorprovince 447615.105051	concept:atdate 222357.797430
freebase:relation_4	concept:leaguestadiums 7171114.674442	concept:malemovedtostateorprovince 4613409.558606	_concept:bankchiefexecutiveceo 2540863.848212	concept:mountaininstate 2243161.115238	concept:coachwontrophy 1942568.484349
freebase:relation_3	concept:actorstarredinmovie 61396297.725283	concept:directordirectedmovie 15494170.516179	concept:atdate 11819125.065240	concept:agentcreated 1693059.691739	concept:agentcontributedtocreativework 1175111.774527
freebase:relation_2	concept:acquired 1716266.073213	concept:leaguestadiums 860838.535090	_concept:citycapitalofcountry 374398.412687	concept:sportsgamewinner 336380.582769	concept:lakeinstate 284940.807154
freebase:relation_1	concept:worksfor 103036.075862	concept:specializationof 85817.826517	_concept:proxyfor 82348.274117	concept:journalistwritesforpublication 62166.455024	concept:subpartof 57176.006892
freebase:relation_79	concept:automakerproducesmodel 4306162.294866	concept:countrycurrency 774053.897667	concept:directordirectedmovie 522756.141823	concept:agentcollaborateswithagent 255354.036529	_concept:hasbrother 206637.267113
freebase:relation_50	concept:mountaininstate 1794529.055500	concept:parkincity 683515.462429	concept:politicianusmemberofpoliticalgroup 538211.072629	concept:organizationdissolvedatdate 370858.689683	concept:personhascitizenship 319339.057483
freebase:relation_9	concept:citylocatedincountry 46433921.422900	concept:locationlocatedwithinlocation 7087592.896328	concept:proxyfor 4671064.795123	concept:atdate 2822959.124421	concept:citycapitalofcountry 1697992.613595
freebase:relation_8	concept:citylocatedincountry 3800657.235533	concept:citycapitalofcountry 2726821.823329	concept:proxyfor 498650.206599	concept:locationlocatedwithinlocation 100474.284089	_concept:sportsgameloser 78330.900598
freebase:relation_62	concept:fatherofperson 916768.519283	concept:parentofperson 313577.986721	concept:lakeinstate 125615.888366	_concept:sportsgameloser 125395.345362	concept:automobilemakerdealersincity 89517.651674
freebase:relation_63	concept:coachwontrophy 233201.608264	concept:sportsgamewinner 154404.031484	concept:visualartistartmovement 131533.602634	concept:lakeinstate 106656.417470	concept:attractionofcity 103567.254593
freebase:relation_60	concept:atdate 12406295.642552	_concept:sportsgameloser 1024987.586270	concept:atlocation 366895.661363	concept:politicianrepresentslocation 279824.407357	concept:personhascitizenship 275041.536170
freebase:relation_66	_concept:sportsgameloser 1366592.642768	concept:atdate 641302.145235	concept:sportsgamesport 264334.706417	_concept:proxyfor 247334.343246	concept:sportsgamedate 209581.581996
freebase:relation_67	_concept:sportsgameloser 1366592.642768	concept:atdate 640610.004300	concept:sportsgamesport 263976.407999	_concept:proxyfor 247232.546395	concept:sportsgamedate 209581.581996
freebase:relation_64	concept:fatherofperson 766466.355801	_concept:bankchiefexecutiveceo 474229.328502	concept:parentofperson 235632.665604	concept:bankboughtbank 125173.448388	_concept:sportsgameloser 107140.999719
freebase:relation_65	_concept:sportsgameloser 1366592.590866	concept:atdate 639567.339551	concept:sportsgamesport 263287.263889	_concept:proxyfor 246443.434187	concept:sportsgamedate 209595.186820
freebase:relation_69	_concept:hasspouse 14845479.625721	concept:hasspouse 14209055.504309	concept:haswife 3474363.943769	_concept:haswife 3255333.111195	_concept:sportsgameloser 1892395.234200
freebase:relation_78	concept:organizationdissolvedatdate 1017491.771977	_concept:hashusband 790078.020139	concept:fatherofperson 297337.300104	concept:drughassideeffect 236631.094569	concept:attractionofcity 181945.178498
freebase:relation_75	concept:leaguestadiums 9357594.401492	concept:newspaperincity 743320.731705	_concept:sportsgameloser 578749.772255	concept:sportsgamewinner 380058.566552	concept:personbirthdate 374414.548798
freebase:relation_74	_concept:hassister 283322.895763	concept:automobilemakerdealersincity 265508.965133	concept:hassister 186883.884964	concept:coachwontrophy 175139.112823	concept:languageofcity 118136.670604
freebase:relation_77	concept:agentcollaborateswithagent 1394168.191050	_concept:worksfor 1254665.915084	_concept:sportsgameloser 461825.643086	_concept:automobilemakerchiefexecutiveceo 442007.504769	_concept:agentcontrols 431521.587513
freebase:relation_76	concept:leaguestadiums 7097532.631546	concept:teamplaysincity 1562534.685234	concept:hasbrother 194910.395589	concept:citylocatedincountry 185904.732743	concept:personhasresidenceingeopoliticallocation 175616.076148
freebase:relation_71	concept:persongraduatedfromuniversity 2281490.262403	concept:visualartistartmovement 953923.970903	concept:personattendsschool 748034.556527	concept:persongraduatedschool 570063.331794	concept:coachwontrophy 423712.638797
freebase:relation_70	_concept:hasspouse 14900016.912253	concept:hasspouse 14259325.239288	concept:haswife 3487572.344362	_concept:haswife 3266985.586461	_concept:sportsgameloser 1892395.234200
freebase:relation_73	concept:placeofworshippracticesreligion 664127.892736	concept:teamplayssport 119035.236337	concept:companyeconomicsector 114365.451424	_concept:locationlocatedwithinlocation 99764.190229	concept:directordirectedmovie 69866.393540
freebase:relation_72	concept:teamplayssport 704597.280754	concept:agentcontributedtocreativework 698242.145254	_concept:worksfor 654481.497882	concept:organizationdissolvedatdate 630817.676677	_concept:bankchiefexecutiveceo 357803.663563
freebase:relation_32	concept:coachwontrophy 3389825.891214	concept:leaguestadiums 481270.997997	_concept:bankchiefexecutiveceo 308610.637643	concept:bankboughtbank 271277.688416	concept:personhasresidenceinstateorprovince 227459.134761
freebase:relation_34	concept:mountaininstate 934709.954297	concept:teamwontrophy 593619.172025	concept:leaguestadiums 324915.337909	_concept:bankchiefexecutiveceo 257352.115137	_concept:automobilemakerchiefexecutiveceo 248658.422170
freebase:relation_39	_concept:cityliesonriver 16952902.540921	concept:radiostationincity 832704.799714	concept:languageofcity 381058.871909	concept:personhasresidenceinstateorprovince 350332.926834	concept:sportsgamewinner 342691.899084
freebase:relation_61	concept:atdate 6272893.705624	_concept:sportsgameloser 643308.582547	concept:atlocation 152381.808830	concept:politicianrepresentslocation 142091.290715	concept:personleadscity 126855.392589
freebase:relation_25	concept:sportsgamesport 1043907.526675	concept:professionistypeofprofession 886233.134195	concept:atdate 530463.057297	concept:mutualproxyfor 328293.565133	concept:proxyfor 273907.229047
freebase:relation_68	_concept:hasspouse 14858739.280086	concept:hasspouse 14218743.337631	concept:haswife 3477508.768908	_concept:haswife 3258271.864080	_concept:sportsgameloser 1892394.862746
freebase:relation_19	concept:musicianinmusicartist 58324680.134791	_concept:sportsgameloser 1225867.136095	concept:eventdate 895023.085055	concept:personbelongstoorganization 486275.593440	concept:atdate 350272.156948
freebase:relation_18	concept:musicartistgenre 23511382.437726	concept:atdate 627831.025086	concept:personbirthdate 346246.961289	concept:sportsgamedate 345933.425650	concept:personhasresidenceincountry 111865.549578
freebase:relation_13	concept:journalistwritesforpublication 2519833.288345	concept:specializationof 1489200.796347	concept:leaguestadiums 1476414.448437	concept:newspaperincity 175747.766468	concept:persongraduatedschool 166551.229452
freebase:relation_12	concept:leaguestadiums 3267125.613164	concept:bankboughtbank 431981.442399	_concept:statehascapital 283585.365931	_concept:motherofperson 266935.344405	concept:coachwontrophy 242178.266049
freebase:relation_11	concept:companyeconomicsector 3281799.811667	_concept:sportsgameloser 1468040.994515	concept:languageofcity 780247.343510	concept:organizationcreatedatdate 342582.242759	concept:eventdate 322463.755565
freebase:relation_10	concept:atlocation 1727629845.492737	concept:proxyfor 807021197.062066	concept:subpartof 61731427.571954	concept:mutualproxyfor 54076353.073707	concept:citylocatedinstate 38408159.654512
freebase:relation_17	concept:musicianplaysinstrument 63466017.740497	_concept:sportsgameloser 1444935.801142	concept:teamplayssport 590292.016232	concept:personhasresidenceincountry 310925.227359	concept:personbirthdate 283611.745948
freebase:relation_16	concept:specializationof 266795.180707	concept:politicianrepresentslocation 200049.666486	concept:directordirectedmovie 179472.838738	concept:journalistwritesforpublication 162372.388229	concept:organizationdissolvedatdate 114898.794026
freebase:relation_15	concept:teamplaysincity 21859997.492128	concept:headquarteredin 7185169.961325	concept:atdate 5028451.071741	_concept:sportsgameloser 1748871.223846	concept:hasofficeincity 855036.430103
freebase:relation_14	concept:teamplaysincity 1250627.074126	concept:politicianrepresentslocation 453831.281481	concept:musicianinmusicartist 361583.150532	concept:teamplayssport 290181.105734	concept:locationlocatedwithinlocation 217356.951646
freebase:relation_55	concept:automakerproducesmodel 739021.872010	_concept:bankchiefexecutiveceo 386557.617589	concept:coachwontrophy 332280.639119	concept:malemovedtostateorprovince 211137.133615	concept:bankboughtbank 173420.999135
freebase:relation_26	concept:sportsgamewinner 99780098.410907	concept:politicianrepresentslocation 984731.956809	concept:directordirectedmovie 764947.800230	concept:organizationhasofficialwebsite 748871.212884	concept:hasofficeincity 309715.090986
freebase:relation_27	concept:leaguestadiums 814029.014348	concept:automobilemakerdealersincountry 368899.979561	concept:personhasresidenceingeopoliticallocation 242470.201891	_concept:cityliesonriver 191148.604446	concept:sportusesequipment 184620.368464
freebase:relation_24	concept:sportsgameloser 878831.767627	concept:politicianrepresentslocation 685930.586372	concept:directordirectedmovie 552439.052325	concept:sportsgameteam 455386.778334	concept:musicianplaysinstrument 321014.537959
freebase:relation_22	concept:bankboughtbank 597243.986402	_concept:bankchiefexecutiveceo 430237.314013	_concept:statehascapital 257689.841761	_concept:bankboughtbank 247867.959194	concept:languageofcity 226082.039782
freebase:relation_23	concept:radiostationincity 665269.233170	concept:specializationof 365083.618249	concept:organizationdissolvedatdate 239196.695061	concept:agentcontrols 232495.293479	_concept:bankchiefexecutiveceo 204927.232476
freebase:relation_20	concept:newspaperincity 9021475.563148	_concept:sportsgamewinner 3371728.802505	concept:leaguestadiums 2793917.187233	concept:personbirthdate 1536189.771221	concept:mountaininstate 1359213.962051
freebase:relation_21	concept:teamplayssport 704597.280754	concept:agentcontributedtocreativework 698242.145254	_concept:worksfor 654481.497882	concept:organizationdissolvedatdate 630817.676677	_concept:bankchiefexecutiveceo 357803.663563
freebase:relation_28	concept:sportusesstadium 6530655.149571	concept:teamplaysincity 2734014.400019	concept:leaguestadiums 731312.231994	_concept:cityliesonriver 483660.763389	concept:organizationdissolvedatdate 272070.453244
freebase:relation_29	concept:stadiumlocatedincity 4453958.565379	_concept:proxyfor 1008462.927940	concept:radiostationincity 352120.453826	concept:leaguestadiums 166091.597955	concept:personbirthdate 145930.028261
Precision: 0.538462
Recall: 0.531646
F1 Score: 0.535032
