freebase:relation_31,concept:teamplaysincity,concept:personhasresidenceinstateorprovince,_concept:statehascapital
freebase:relation_30,concept:teamhomestadium,concept:malemovedtostateorprovince,concept:sportsgamewinner
freebase:relation_33,concept:teamplayssport,concept:journalistwritesforpublication,_concept:automobilemakerchiefexecutiveceo
freebase:relation_35,concept:televisionstationaffiliatedwith,concept:subpartoforganization,concept:subpartof
freebase:relation_37,concept:visualartistartform,concept:mountaininstate,concept:sportsgamewinner
freebase:relation_36,concept:televisionstationincity,concept:hasofficeincity,concept:radiostationincity
freebase:relation_38,concept:malemovedtostateorprovince,concept:visualartistartmovement,concept:personhasresidenceingeopoliticallocation
freebase:relation_41,_concept:acquired,concept:leaguestadiums,concept:museumincity
freebase:relation_40,concept:attractionofcity,concept:personhasresidenceinstateorprovince,concept:museumincity
freebase:relation_42,concept:zooincity,concept:citylocatedincountry,concept:aquariumincity
freebase:relation_49,concept:airportincity,_concept:bankchiefexecutiveceo,concept:mountaininstate
freebase:relation_51,concept:teamplayssport,concept:citylocatedincountry,concept:aquariumincity
freebase:relation_7,concept:ceoof,concept:personleadsorganization,_concept:hassister
freebase:relation_5,concept:athleteplayssport,concept:hassister,_concept:sportsgameloser
freebase:relation_3,concept:actorstarredinmovie,concept:directordirectedmovie,concept:atdate
freebase:relation_2,concept:acquired,concept:leaguestadiums,_concept:citycapitalofcountry
freebase:relation_9,concept:citylocatedincountry,concept:locationlocatedwithinlocation,concept:proxyfor
freebase:relation_62,concept:fatherofperson,concept:parentofperson,concept:lakeinstate
freebase:relation_64,concept:fatherofperson,_concept:bankchiefexecutiveceo,concept:parentofperson
freebase:relation_71,concept:persongraduatedfromuniversity,concept:visualartistartmovement,concept:personattendsschool
freebase:relation_70,_concept:hasspouse,concept:hasspouse,concept:haswife
freebase:relation_73,concept:placeofworshippracticesreligion,concept:teamplayssport,concept:companyeconomicsector
freebase:relation_34,concept:mountaininstate,concept:teamwontrophy,concept:leaguestadiums
freebase:relation_39,_concept:cityliesonriver,concept:radiostationincity,concept:languageofcity
freebase:relation_25,concept:sportsgamesport,concept:professionistypeofprofession,concept:atdate
freebase:relation_68,_concept:hasspouse,concept:hasspouse,concept:haswife
freebase:relation_19,concept:musicianinmusicartist,_concept:sportsgameloser,concept:eventdate
freebase:relation_18,concept:musicartistgenre,concept:atdate,concept:personbirthdate
freebase:relation_11,concept:companyeconomicsector,_concept:sportsgameloser,concept:languageofcity
freebase:relation_17,concept:musicianplaysinstrument,_concept:sportsgameloser,concept:teamplayssport
freebase:relation_15,concept:teamplaysincity,concept:headquarteredin,concept:atdate
freebase:relation_55,concept:automakerproducesmodel,_concept:bankchiefexecutiveceo,concept:coachwontrophy
freebase:relation_26,concept:sportsgamewinner,concept:politicianrepresentslocation,concept:directordirectedmovie
freebase:relation_24,concept:sportsgameloser,concept:politicianrepresentslocation,concept:directordirectedmovie
freebase:relation_23,concept:radiostationincity,concept:specializationof,concept:organizationdissolvedatdate
freebase:relation_20,concept:newspaperincity,_concept:sportsgamewinner,concept:leaguestadiums
freebase:relation_28,concept:sportusesstadium,concept:teamplaysincity,concept:leaguestadiums
freebase:relation_29,concept:stadiumlocatedincity,_concept:proxyfor,concept:radiostationincity
